Release 14.5 Map P.58f (nt64)
Xilinx Mapping Report File for Design 'top'

Design Information
------------------
Command Line   : map -intstyle ise -p xc7k325t-ffg900-2 -w -logic_opt off -ol
high -t 1 -xt 0 -register_duplication off -r 4 -mt off -ir off -pr off -lc off
-power off -o top_map.ncd top.ngd top.pcf 
Target Device  : xc7k325t
Target Package : ffg900
Target Speed   : -2
Mapper Version : kintex7 -- $Revision: 1.55 $
Mapped Date    : Fri Apr 22 18:30:13 2016

Design Summary
--------------
Number of errors:      0
Number of warnings:    8
Slice Logic Utilization:
  Number of Slice Registers:                11,062 out of 407,600    2%
    Number used as Flip Flops:              11,062
    Number used as Latches:                      0
    Number used as Latch-thrus:                  0
    Number used as AND/OR logics:                0
  Number of Slice LUTs:                      7,782 out of 203,800    3%
    Number used as logic:                    6,249 out of 203,800    3%
      Number using O6 output only:           4,398
      Number using O5 output only:             609
      Number using O5 and O6:                1,242
      Number used as ROM:                        0
    Number used as Memory:                     315 out of  64,000    1%
      Number used as Dual Port RAM:             24
        Number using O6 output only:             0
        Number using O5 output only:             0
        Number using O5 and O6:                 24
      Number used as Single Port RAM:            0
      Number used as Shift Register:           291
        Number using O6 output only:           291
        Number using O5 output only:             0
        Number using O5 and O6:                  0
    Number used exclusively as route-thrus:  1,218
      Number with same-slice register load:    826
      Number with same-slice carry load:       392
      Number with other load:                    0

Slice Logic Distribution:
  Number of occupied Slices:                 2,957 out of  50,950    5%
  Number of LUT Flip Flop pairs used:       10,621
    Number with an unused Flip Flop:         1,258 out of  10,621   11%
    Number with an unused LUT:               2,839 out of  10,621   26%
    Number of fully used LUT-FF pairs:       6,524 out of  10,621   61%
    Number of unique control sets:             364
    Number of slice register sites lost
      to control set restrictions:             527 out of 407,600    1%

  A LUT Flip Flop pair for this architecture represents one LUT paired with
  one Flip Flop within a slice.  A control set is a unique combination of
  clock, reset, set, and enable signals for a registered element.
  The Slice Logic Distribution report is not meaningful if the design is
  over-mapped for a non-slice resource or if Placement fails.
  OVERMAPPING of BRAM resources should be ignored if the design is
  over-mapped for a non-BRAM resource or if placement fails.

IO Utilization:
  Number of bonded IOBs:                         2 out of     500    1%
    Number of LOCed IOBs:                        1 out of       2   50%
    Number of bonded IPADs:                     10
      Number of LOCed IPADs:                     5 out of      10   50%
    Number of bonded OPADs:                      8
      Number of LOCed OPADs:                     4 out of       8   50%

Specific Feature Utilization:
  Number of RAMB36E1/FIFO36E1s:                  0 out of     445    0%
  Number of RAMB18E1/FIFO18E1s:                  0 out of     890    0%
  Number of BUFG/BUFGCTRLs:                      2 out of      32    6%
    Number used as BUFGs:                        2
    Number used as BUFGCTRLs:                    0
  Number of IDELAYE2/IDELAYE2_FINEDELAYs:        0 out of     500    0%
  Number of ILOGICE2/ILOGICE3/ISERDESE2s:        0 out of     500    0%
  Number of ODELAYE2/ODELAYE2_FINEDELAYs:        0 out of     150    0%
  Number of OLOGICE2/OLOGICE3/OSERDESE2s:        0 out of     500    0%
  Number of PHASER_IN/PHASER_IN_PHYs:            0 out of      40    0%
  Number of PHASER_OUT/PHASER_OUT_PHYs:          0 out of      40    0%
  Number of BSCANs:                              1 out of       4   25%
  Number of BUFHCEs:                             8 out of     168    4%
  Number of BUFRs:                               0 out of      40    0%
  Number of CAPTUREs:                            0 out of       1    0%
  Number of DNA_PORTs:                           0 out of       1    0%
  Number of DSP48E1s:                            0 out of     840    0%
  Number of EFUSE_USRs:                          0 out of       1    0%
  Number of FRAME_ECCs:                          0 out of       1    0%
  Number of GTXE2_CHANNELs:                      4 out of      16   25%
  Number of GTXE2_COMMONs:                       1 out of       4   25%
  Number of IBUFDS_GTE2s:                        1 out of       8   12%
  Number of ICAPs:                               0 out of       2    0%
  Number of IDELAYCTRLs:                         0 out of      10    0%
  Number of IN_FIFOs:                            0 out of      40    0%
  Number of MMCME2_ADVs:                         1 out of      10   10%
  Number of OUT_FIFOs:                           0 out of      40    0%
  Number of PCIE_2_1s:                           0 out of       1    0%
  Number of PHASER_REFs:                         0 out of      10    0%
  Number of PHY_CONTROLs:                        0 out of      10    0%
  Number of PLLE2_ADVs:                          0 out of      10    0%
  Number of STARTUPs:                            0 out of       1    0%
  Number of XADCs:                               0 out of       1    0%

Average Fanout of Non-Clock Nets:                3.01

Peak Memory Usage:  1384 MB
Total REAL time to MAP completion:  5 mins 3 secs 
Total CPU time to MAP completion:   4 mins 39 secs 

Table of Contents
-----------------
Section 1 - Errors
Section 2 - Warnings
Section 3 - Informational
Section 4 - Removed Logic Summary
Section 5 - Removed Logic
Section 6 - IOB Properties
Section 7 - RPMs
Section 8 - Guide Report
Section 9 - Area Group and Partition Summary
Section 10 - Timing Report
Section 11 - Configuration String Information
Section 12 - Control Set Information
Section 13 - Utilization by Hierarchy

Section 1 - Errors
------------------

Section 2 - Warnings
--------------------
WARNING:LIT:701 - PAD symbol "IBERT_SYSCLOCK_I_n" has an undefined IOSTANDARD.
WARNING:LIT:702 - PAD symbol "IBERT_SYSCLOCK_I_n" is not constrained (LOC) to a
   specific location.
WARNING:Pack:2949 - The I/O component IBERT_SYSCLOCK_I_p uses an DQS_BIAS
   attribute with I/O standard LVDS. The DQS_BIAS attribute will be ignored
   since the selected I/O standard does not support DQS_BIAS usage.
WARNING:Pack:2949 - The I/O component IBERT_SYSCLOCK_I_n uses an DQS_BIAS
   attribute with I/O standard LVDS. The DQS_BIAS attribute will be ignored
   since the selected I/O standard does not support DQS_BIAS usage.
WARNING:PhysDesignRules:367 - The signal
   <ibert_u/U0/U_IBERT_CORE/U_XSDB_MSTR/U_VHD_CHIPSCOPE_ICON2XSDB_MSTRBR/U_ICON_
   INTERFACE/U_CMD6_WR/I_FAM_K7.U_WR_FIFO/U0/xst_fifo_generator/gconvfifo.rf/grf
   .rf/gntv_or_sync_fifo.mem/gdm.dm/Mram_RAM1_RAMD_D1_O> is incomplete. The
   signal does not drive any load pins in the design.
WARNING:PhysDesignRules:367 - The signal
   <ibert_u/U0/U_IBERT_CORE/U_XSDB_MSTR/U_VHD_CHIPSCOPE_ICON2XSDB_MSTRBR/U_ICON_
   INTERFACE/U_CMD6_WR/I_FAM_K7.U_WR_FIFO/U0/xst_fifo_generator/gconvfifo.rf/grf
   .rf/gntv_or_sync_fifo.mem/gdm.dm/Mram_RAM2_RAMD_D1_O> is incomplete. The
   signal does not drive any load pins in the design.
WARNING:PhysDesignRules:367 - The signal
   <ibert_u/U0/U_IBERT_CORE/U_XSDB_MSTR/U_VHD_CHIPSCOPE_ICON2XSDB_MSTRBR/U_ICON_
   INTERFACE/U_CMD6_RD/I_FAM_K7.U_RD_FIFO/U0/xst_fifo_generator/gconvfifo.rf/grf
   .rf/gntv_or_sync_fifo.mem/gdm.dm/Mram_RAM1_RAMD_D1_O> is incomplete. The
   signal does not drive any load pins in the design.
WARNING:PhysDesignRules:367 - The signal
   <ibert_u/U0/U_IBERT_CORE/U_XSDB_MSTR/U_VHD_CHIPSCOPE_ICON2XSDB_MSTRBR/U_ICON_
   INTERFACE/U_CMD6_RD/I_FAM_K7.U_RD_FIFO/U0/xst_fifo_generator/gconvfifo.rf/grf
   .rf/gntv_or_sync_fifo.mem/gdm.dm/Mram_RAM2_RAMD_D1_O> is incomplete. The
   signal does not drive any load pins in the design.

Section 3 - Informational
-------------------------
INFO:LIT:243 - Logical network CONTROL<0> has no load.
INFO:LIT:395 - The above info message is repeated 37 more times for the
   following (max. 5 shown):
   CONTROL<1>,
   CONTROL<2>,
   CONTROL<3>,
   CONTROL<4>,
   CONTROL<5>
   To see the details of these info messages, please use the -detail switch.
INFO:LIT:244 - All of the single ended outputs in this design are using slew
   rate limited output drivers. The delay on speed critical single ended outputs
   can be dramatically reduced by designating them as fast outputs.
INFO:Pack:1716 - Initializing temperature to 85.000 Celsius. (default - Range:
   0.000 to 85.000 Celsius)
INFO:Pack:1720 - Initializing voltage to 0.970 Volts. (default - Range: 0.970 to
   1.030 Volts)
INFO:Map:215 - The Interim Design Summary has been generated in the MAP Report
   (.mrp).
INFO:Pack:1650 - Map created a placed design.

Section 4 - Removed Logic Summary
---------------------------------
  56 block(s) removed
   9 block(s) optimized away
  42 signal(s) removed

Section 5 - Removed Logic
-------------------------

The trimmed logic report below shows the logic removed from your design due to
sourceless or loadless signals, and VCC or ground connections.  If the removal
of a signal or symbol results in the subsequent removal of an additional signal
or symbol, the message explaining that second removal will be indented.  This
indentation will be repeated as a chain of related logic is removed.

To quickly locate the original cause for the removal of a chain of logic, look
above the place where that logic is listed in the trimming report, then locate
the lines that are least indented (begin at the leftmost edge).

Loadless block "icon_core_u/U0/U_ICON/U_CMD/U_CORE_ID_SEL/I4.FI[10].U_LUT" (ROM)
removed.
Loadless block "icon_core_u/U0/U_ICON/U_CMD/U_CORE_ID_SEL/I4.FI[11].U_LUT" (ROM)
removed.
Loadless block "icon_core_u/U0/U_ICON/U_CMD/U_CORE_ID_SEL/I4.FI[12].U_LUT" (ROM)
removed.
Loadless block "icon_core_u/U0/U_ICON/U_CMD/U_CORE_ID_SEL/I4.FI[13].U_LUT" (ROM)
removed.
Loadless block "icon_core_u/U0/U_ICON/U_CMD/U_CORE_ID_SEL/I4.FI[14].U_LUT" (ROM)
removed.
Loadless block "icon_core_u/U0/U_ICON/U_CMD/U_CORE_ID_SEL/I4.FI[1].U_LUT" (ROM)
removed.
Loadless block "icon_core_u/U0/U_ICON/U_CMD/U_CORE_ID_SEL/I4.FI[2].U_LUT" (ROM)
removed.
Loadless block "icon_core_u/U0/U_ICON/U_CMD/U_CORE_ID_SEL/I4.FI[3].U_LUT" (ROM)
removed.
Loadless block "icon_core_u/U0/U_ICON/U_CMD/U_CORE_ID_SEL/I4.FI[4].U_LUT" (ROM)
removed.
Loadless block "icon_core_u/U0/U_ICON/U_CMD/U_CORE_ID_SEL/I4.FI[5].U_LUT" (ROM)
removed.
Loadless block "icon_core_u/U0/U_ICON/U_CMD/U_CORE_ID_SEL/I4.FI[6].U_LUT" (ROM)
removed.
Loadless block "icon_core_u/U0/U_ICON/U_CMD/U_CORE_ID_SEL/I4.FI[7].U_LUT" (ROM)
removed.
Loadless block "icon_core_u/U0/U_ICON/U_CMD/U_CORE_ID_SEL/I4.FI[8].U_LUT" (ROM)
removed.
Loadless block "icon_core_u/U0/U_ICON/U_CMD/U_CORE_ID_SEL/I4.FI[9].U_LUT" (ROM)
removed.
The signal "CONTROL<0>" is sourceless and has been removed.
The signal "CONTROL<1>" is sourceless and has been removed.
The signal "CONTROL<2>" is sourceless and has been removed.
The signal "CONTROL<3>" is sourceless and has been removed.
The signal "CONTROL<4>" is sourceless and has been removed.
The signal "CONTROL<5>" is sourceless and has been removed.
The signal "CONTROL<6>" is sourceless and has been removed.
The signal "CONTROL<7>" is sourceless and has been removed.
The signal "CONTROL<8>" is sourceless and has been removed.
The signal "CONTROL<9>" is sourceless and has been removed.
The signal "CONTROL<10>" is sourceless and has been removed.
The signal "CONTROL<11>" is sourceless and has been removed.
The signal "CONTROL<12>" is sourceless and has been removed.
The signal "CONTROL<13>" is sourceless and has been removed.
The signal "CONTROL<14>" is sourceless and has been removed.
The signal "CONTROL<15>" is sourceless and has been removed.
The signal "CONTROL<16>" is sourceless and has been removed.
The signal "CONTROL<17>" is sourceless and has been removed.
The signal "CONTROL<18>" is sourceless and has been removed.
The signal "CONTROL<19>" is sourceless and has been removed.
The signal "CONTROL<20>" is sourceless and has been removed.
The signal "CONTROL<21>" is sourceless and has been removed.
The signal "CONTROL<22>" is sourceless and has been removed.
The signal "CONTROL<23>" is sourceless and has been removed.
The signal
"ibert_u/U0/U_IBERT_CORE/U_XSDB_MSTR/U_VHD_CHIPSCOPE_ICON2XSDB_MSTRBR/U_ICON_INT
ERFACE/U_CMD6_RD/I_FAM_K7.U_RD_FIFO/U0/xst_fifo_generator/gconvfifo.rf/grf.rf/gn
tv_or_sync_fifo.gl0.wr/gwhf.whf/OVERFLOW" is sourceless and has been removed.
The signal
"ibert_u/U0/U_IBERT_CORE/U_XSDB_MSTR/U_VHD_CHIPSCOPE_ICON2XSDB_MSTRBR/U_ICON_INT
ERFACE/U_CMD6_RD/I_FAM_K7.U_RD_FIFO/U0/xst_fifo_generator/gconvfifo.rf/grf.rf/gn
tv_or_sync_fifo.gl0.rd/grhf.rhf/UNDERFLOW" is sourceless and has been removed.
The signal
"ibert_u/U0/U_IBERT_CORE/U_XSDB_MSTR/U_VHD_CHIPSCOPE_ICON2XSDB_MSTRBR/U_ICON_INT
ERFACE/U_CMD6_RD/I_FAM_K7.U_RD_FIFO/U0/xst_fifo_generator/gconvfifo.rf/grf.rf/gn
tv_or_sync_fifo.gl0.rd/grhf.rhf/underflow_i" is sourceless and has been removed.
 Sourceless block
"ibert_u/U0/U_IBERT_CORE/U_XSDB_MSTR/U_VHD_CHIPSCOPE_ICON2XSDB_MSTRBR/U_ICON_INT
ERFACE/U_CMD6_RD/I_FAM_K7.U_RD_FIFO/U0/xst_fifo_generator/gconvfifo.rf/grf.rf/gn
tv_or_sync_fifo.gl0.rd/grhf.rhf/UNDERFLOW" (FF) removed.
The signal
"ibert_u/U0/U_IBERT_CORE/U_XSDB_MSTR/U_VHD_CHIPSCOPE_ICON2XSDB_MSTRBR/U_ICON_INT
ERFACE/U_CMD6_RD/I_FAM_K7.U_RD_FIFO/U0/xst_fifo_generator/gconvfifo.rf/grf.rf/gn
tv_or_sync_fifo.gl0.wr/gwhf.whf/overflow_i" is sourceless and has been removed.
 Sourceless block
"ibert_u/U0/U_IBERT_CORE/U_XSDB_MSTR/U_VHD_CHIPSCOPE_ICON2XSDB_MSTRBR/U_ICON_INT
ERFACE/U_CMD6_RD/I_FAM_K7.U_RD_FIFO/U0/xst_fifo_generator/gconvfifo.rf/grf.rf/gn
tv_or_sync_fifo.gl0.wr/gwhf.whf/OVERFLOW" (FF) removed.
The signal
"ibert_u/U0/U_IBERT_CORE/U_XSDB_MSTR/U_VHD_CHIPSCOPE_ICON2XSDB_MSTRBR/U_ICON_INT
ERFACE/U_CMD6_WR/I_FAM_K7.U_WR_FIFO/U0/xst_fifo_generator/gconvfifo.rf/grf.rf/gn
tv_or_sync_fifo.gl0.wr/gwas.wsts/ram_full_i" is sourceless and has been removed.
The signal
"ibert_u/U0/U_IBERT_CORE/U_XSDB_MSTR/U_VHD_CHIPSCOPE_ICON2XSDB_MSTRBR/U_ICON_INT
ERFACE/U_CMD6_WR/I_FAM_K7.U_WR_FIFO/U0/xst_fifo_generator/gconvfifo.rf/grf.rf/gn
tv_or_sync_fifo.gl0.wr/gwhf.whf/OVERFLOW" is sourceless and has been removed.
The signal
"ibert_u/U0/U_IBERT_CORE/U_XSDB_MSTR/U_VHD_CHIPSCOPE_ICON2XSDB_MSTRBR/U_ICON_INT
ERFACE/U_CMD6_WR/I_FAM_K7.U_WR_FIFO/U0/xst_fifo_generator/gconvfifo.rf/grf.rf/gn
tv_or_sync_fifo.gl0.rd/grhf.rhf/UNDERFLOW" is sourceless and has been removed.
The signal
"ibert_u/U0/U_IBERT_CORE/U_XSDB_MSTR/U_VHD_CHIPSCOPE_ICON2XSDB_MSTRBR/U_ICON_INT
ERFACE/U_CMD6_WR/I_FAM_K7.U_WR_FIFO/U0/xst_fifo_generator/gconvfifo.rf/grf.rf/gn
tv_or_sync_fifo.gl0.rd/grhf.rhf/underflow_i" is sourceless and has been removed.
 Sourceless block
"ibert_u/U0/U_IBERT_CORE/U_XSDB_MSTR/U_VHD_CHIPSCOPE_ICON2XSDB_MSTRBR/U_ICON_INT
ERFACE/U_CMD6_WR/I_FAM_K7.U_WR_FIFO/U0/xst_fifo_generator/gconvfifo.rf/grf.rf/gn
tv_or_sync_fifo.gl0.rd/grhf.rhf/UNDERFLOW" (FF) removed.
The signal
"ibert_u/U0/U_IBERT_CORE/U_XSDB_MSTR/U_VHD_CHIPSCOPE_ICON2XSDB_MSTRBR/U_ICON_INT
ERFACE/U_CMD6_WR/I_FAM_K7.U_WR_FIFO/U0/xst_fifo_generator/gconvfifo.rf/grf.rf/gn
tv_or_sync_fifo.gl0.wr/gwhf.whf/overflow_i" is sourceless and has been removed.
 Sourceless block
"ibert_u/U0/U_IBERT_CORE/U_XSDB_MSTR/U_VHD_CHIPSCOPE_ICON2XSDB_MSTRBR/U_ICON_INT
ERFACE/U_CMD6_WR/I_FAM_K7.U_WR_FIFO/U0/xst_fifo_generator/gconvfifo.rf/grf.rf/gn
tv_or_sync_fifo.gl0.wr/gwhf.whf/OVERFLOW" (FF) removed.
The signal "icon_core_u/U0/U_ICON/iCOMMAND_SEL<15>" is sourceless and has been
removed.
 Sourceless block "icon_core_u/U0/U_ICON/U_CTRL_OUT/F_NCP[0].F_CMD[15].U_HCE"
(ROM) removed.
 Sourceless block "icon_core_u/U0/U_ICON/U_CTRL_OUT/F_NCP[0].F_CMD[15].U_LCE"
(ROM) removed.
The signal "icon_core_u/U0/U_ICON/iCOMMAND_SEL<14>" is sourceless and has been
removed.
 Sourceless block "icon_core_u/U0/U_ICON/U_CTRL_OUT/F_NCP[0].F_CMD[14].U_HCE"
(ROM) removed.
 Sourceless block "icon_core_u/U0/U_ICON/U_CTRL_OUT/F_NCP[0].F_CMD[14].U_LCE"
(ROM) removed.
The signal "icon_core_u/U0/U_ICON/iCOMMAND_SEL<13>" is sourceless and has been
removed.
 Sourceless block "icon_core_u/U0/U_ICON/U_CTRL_OUT/F_NCP[0].F_CMD[13].U_HCE"
(ROM) removed.
 Sourceless block "icon_core_u/U0/U_ICON/U_CTRL_OUT/F_NCP[0].F_CMD[13].U_LCE"
(ROM) removed.
The signal "icon_core_u/U0/U_ICON/iCOMMAND_SEL<12>" is sourceless and has been
removed.
 Sourceless block "icon_core_u/U0/U_ICON/U_CTRL_OUT/F_NCP[0].F_CMD[12].U_HCE"
(ROM) removed.
 Sourceless block "icon_core_u/U0/U_ICON/U_CTRL_OUT/F_NCP[0].F_CMD[12].U_LCE"
(ROM) removed.
The signal "icon_core_u/U0/U_ICON/iCOMMAND_SEL<11>" is sourceless and has been
removed.
 Sourceless block "icon_core_u/U0/U_ICON/U_CTRL_OUT/F_NCP[0].F_CMD[11].U_HCE"
(ROM) removed.
 Sourceless block "icon_core_u/U0/U_ICON/U_CTRL_OUT/F_NCP[0].F_CMD[11].U_LCE"
(ROM) removed.
The signal "icon_core_u/U0/U_ICON/iCOMMAND_SEL<10>" is sourceless and has been
removed.
 Sourceless block "icon_core_u/U0/U_ICON/U_CTRL_OUT/F_NCP[0].F_CMD[10].U_HCE"
(ROM) removed.
 Sourceless block "icon_core_u/U0/U_ICON/U_CTRL_OUT/F_NCP[0].F_CMD[10].U_LCE"
(ROM) removed.
The signal "icon_core_u/U0/U_ICON/iCOMMAND_SEL<9>" is sourceless and has been
removed.
 Sourceless block "icon_core_u/U0/U_ICON/U_CTRL_OUT/F_NCP[0].F_CMD[9].U_HCE"
(ROM) removed.
 Sourceless block "icon_core_u/U0/U_ICON/U_CTRL_OUT/F_NCP[0].F_CMD[9].U_LCE"
(ROM) removed.
The signal "icon_core_u/U0/U_ICON/iCOMMAND_SEL<8>" is sourceless and has been
removed.
 Sourceless block "icon_core_u/U0/U_ICON/U_CTRL_OUT/F_NCP[0].F_CMD[8].U_HCE"
(ROM) removed.
 Sourceless block "icon_core_u/U0/U_ICON/U_CTRL_OUT/F_NCP[0].F_CMD[8].U_LCE"
(ROM) removed.
The signal "icon_core_u/U0/U_ICON/U_CTRL_OUT/iCOMMAND_GRP_SEL<1>" is sourceless
and has been removed.
 Sourceless block "icon_core_u/U0/U_ICON/U_CTRL_OUT/F_NCP[0].F_CMD[0].U_HCE"
(ROM) removed.
 Sourceless block "icon_core_u/U0/U_ICON/U_CTRL_OUT/F_NCP[0].F_CMD[1].U_HCE"
(ROM) removed.
 Sourceless block "icon_core_u/U0/U_ICON/U_CTRL_OUT/F_NCP[0].F_CMD[2].U_HCE"
(ROM) removed.
 Sourceless block "icon_core_u/U0/U_ICON/U_CTRL_OUT/F_NCP[0].F_CMD[3].U_HCE"
(ROM) removed.
 Sourceless block "icon_core_u/U0/U_ICON/U_CTRL_OUT/F_NCP[0].F_CMD[4].U_HCE"
(ROM) removed.
 Sourceless block "icon_core_u/U0/U_ICON/U_CTRL_OUT/F_NCP[0].F_CMD[5].U_HCE"
(ROM) removed.
 Sourceless block "icon_core_u/U0/U_ICON/U_CTRL_OUT/F_NCP[0].F_CMD[6].U_HCE"
(ROM) removed.
 Sourceless block "icon_core_u/U0/U_ICON/U_CTRL_OUT/F_NCP[0].F_CMD[7].U_HCE"
(ROM) removed.
Unused block
"ibert_u/U0/U_IBERT_CORE/U_XSDB_MSTR/U_VHD_CHIPSCOPE_ICON2XSDB_MSTRBR/U_ICON_INT
ERFACE/U_CMD6_RD/I_FAM_K7.U_RD_FIFO/U0/xst_fifo_generator/gconvfifo.rf/grf.rf/gn
tv_or_sync_fifo.gl0.rd/grhf.rhf/underflow_i1" (ROM) removed.
Unused block
"ibert_u/U0/U_IBERT_CORE/U_XSDB_MSTR/U_VHD_CHIPSCOPE_ICON2XSDB_MSTRBR/U_ICON_INT
ERFACE/U_CMD6_RD/I_FAM_K7.U_RD_FIFO/U0/xst_fifo_generator/gconvfifo.rf/grf.rf/gn
tv_or_sync_fifo.gl0.wr/gwhf.whf/overflow_i1" (ROM) removed.
Unused block
"ibert_u/U0/U_IBERT_CORE/U_XSDB_MSTR/U_VHD_CHIPSCOPE_ICON2XSDB_MSTRBR/U_ICON_INT
ERFACE/U_CMD6_WR/I_FAM_K7.U_WR_FIFO/U0/xst_fifo_generator/gconvfifo.rf/grf.rf/gn
tv_or_sync_fifo.gl0.rd/grhf.rhf/underflow_i1" (ROM) removed.
Unused block
"ibert_u/U0/U_IBERT_CORE/U_XSDB_MSTR/U_VHD_CHIPSCOPE_ICON2XSDB_MSTRBR/U_ICON_INT
ERFACE/U_CMD6_WR/I_FAM_K7.U_WR_FIFO/U0/xst_fifo_generator/gconvfifo.rf/grf.rf/gn
tv_or_sync_fifo.gl0.wr/gwas.wsts/ram_full_i" (FF) removed.
Unused block
"ibert_u/U0/U_IBERT_CORE/U_XSDB_MSTR/U_VHD_CHIPSCOPE_ICON2XSDB_MSTRBR/U_ICON_INT
ERFACE/U_CMD6_WR/I_FAM_K7.U_WR_FIFO/U0/xst_fifo_generator/gconvfifo.rf/grf.rf/gn
tv_or_sync_fifo.gl0.wr/gwhf.whf/overflow_i1" (ROM) removed.
Unused block "icon_core_u/U0/U_ICON/U_CMD/U_COMMAND_SEL/I4.FI[10].U_LUT" (ROM)
removed.
Unused block "icon_core_u/U0/U_ICON/U_CMD/U_COMMAND_SEL/I4.FI[11].U_LUT" (ROM)
removed.
Unused block "icon_core_u/U0/U_ICON/U_CMD/U_COMMAND_SEL/I4.FI[12].U_LUT" (ROM)
removed.
Unused block "icon_core_u/U0/U_ICON/U_CMD/U_COMMAND_SEL/I4.FI[13].U_LUT" (ROM)
removed.
Unused block "icon_core_u/U0/U_ICON/U_CMD/U_COMMAND_SEL/I4.FI[14].U_LUT" (ROM)
removed.
Unused block "icon_core_u/U0/U_ICON/U_CMD/U_COMMAND_SEL/I4.FI[15].U_LUT" (ROM)
removed.
Unused block "icon_core_u/U0/U_ICON/U_CMD/U_COMMAND_SEL/I4.FI[8].U_LUT" (ROM)
removed.
Unused block "icon_core_u/U0/U_ICON/U_CMD/U_COMMAND_SEL/I4.FI[9].U_LUT" (ROM)
removed.
Unused block "icon_core_u/U0/U_ICON/U_CTRL_OUT/U_CMDGRP1" (ROM) removed.

Optimized Block(s):
TYPE 		BLOCK
GND 		XST_GND
GND
		ibert_u/U0/U_IBERT_CORE/U_XSDB_MSTR/U_VHD_CHIPSCOPE_ICON2XSDB_MSTRBR/U_ICON_IN
TERFACE/U_CMD6_RD/I_FAM_K7.U_RD_FIFO/XST_GND
GND
		ibert_u/U0/U_IBERT_CORE/U_XSDB_MSTR/U_VHD_CHIPSCOPE_ICON2XSDB_MSTRBR/U_ICON_IN
TERFACE/U_CMD6_WR/I_FAM_K7.U_WR_FIFO/XST_GND
LUT4
		ibert_u/U0/U_IBERT_CORE/U_XSDB_MSTR/U_VHD_CHIPSCOPE_ICON2XSDB_MSTRBR/U_ICON_IN
TERFACE/U_STATIC_STATUS/G_STAT[6].U_ROM
   optimized to 0
LUT4
		ibert_u/U0/U_IBERT_CORE/U_XSDB_MSTR/U_VHD_CHIPSCOPE_ICON2XSDB_MSTRBR/U_ICON_IN
TERFACE/U_STATIC_STATUS/G_STAT[7].U_ROM
   optimized to 0
GND 		ibert_u/U0/U_IBERT_CORE/XST_GND
VCC 		ibert_u/U0/U_IBERT_CORE/XST_VCC
GND 		icon_core_u/XST_GND
VCC 		icon_core_u/XST_VCC

To enable printing of redundant blocks removed and signals merged, set the
detailed map report option and rerun map.

Section 6 - IOB Properties
--------------------------

+---------------------------------------------------------------------------------------------------------------------------------------------------------+
| IOB Name                           | Type             | Direction | IO Standard          | Diff  | Drive    | Slew | Reg (s)      | Resistor | IOB      |
|                                    |                  |           |                      | Term  | Strength | Rate |              |          | Delay    |
+---------------------------------------------------------------------------------------------------------------------------------------------------------+
| IBERT_SYSCLOCK_I_n                 | IOB18            | INPUT     | LVDS                 | FALSE |          |      |              |          |          |
| IBERT_SYSCLOCK_I_p                 | IOB18            | INPUT     | LVDS                 | FALSE |          |      |              |          |          |
| Q3_CLK0_MGTREFCLK_N                | IPAD             | INPUT     |                      |       |          |      |              |          |          |
| Q3_CLK0_MGTREFCLK_P                | IPAD             | INPUT     |                      |       |          |      |              |          |          |
| X0Y12_RX_N_IPAD                    | IPAD             | INPUT     |                      |       |          |      |              |          |          |
| X0Y12_RX_P_IPAD                    | IPAD             | INPUT     |                      |       |          |      |              |          |          |
| X0Y12_TX_N_OPAD                    | OPAD             | OUTPUT    |                      |       |          |      |              |          |          |
| X0Y12_TX_P_OPAD                    | OPAD             | OUTPUT    |                      |       |          |      |              |          |          |
| X0Y13_RX_N_IPAD                    | IPAD             | INPUT     |                      |       |          |      |              |          |          |
| X0Y13_RX_P_IPAD                    | IPAD             | INPUT     |                      |       |          |      |              |          |          |
| X0Y13_TX_N_OPAD                    | OPAD             | OUTPUT    |                      |       |          |      |              |          |          |
| X0Y13_TX_P_OPAD                    | OPAD             | OUTPUT    |                      |       |          |      |              |          |          |
| X0Y14_RX_N_IPAD                    | IPAD             | INPUT     |                      |       |          |      |              |          |          |
| X0Y14_RX_P_IPAD                    | IPAD             | INPUT     |                      |       |          |      |              |          |          |
| X0Y14_TX_N_OPAD                    | OPAD             | OUTPUT    |                      |       |          |      |              |          |          |
| X0Y14_TX_P_OPAD                    | OPAD             | OUTPUT    |                      |       |          |      |              |          |          |
| X0Y15_RX_N_IPAD                    | IPAD             | INPUT     |                      |       |          |      |              |          |          |
| X0Y15_RX_P_IPAD                    | IPAD             | INPUT     |                      |       |          |      |              |          |          |
| X0Y15_TX_N_OPAD                    | OPAD             | OUTPUT    |                      |       |          |      |              |          |          |
| X0Y15_TX_P_OPAD                    | OPAD             | OUTPUT    |                      |       |          |      |              |          |          |
+---------------------------------------------------------------------------------------------------------------------------------------------------------+

Section 7 - RPMs
----------------

Section 8 - Guide Report
------------------------
Guide not run on this design.

Section 9 - Area Group and Partition Summary
--------------------------------------------

Partition Implementation Status
-------------------------------

  No Partitions were found in this design.

-------------------------------

Area Group Information
----------------------

  No area groups were found in this design.

----------------------

Section 10 - Timing Report
--------------------------
A logic-level (pre-route) timing report can be generated by using Xilinx static
timing analysis tools, Timing Analyzer (GUI) or TRCE (command line), with the
mapped NCD and PCF files. Please note that this timing report will be generated
using estimated delay information. For accurate numbers, please generate a
timing report with the post Place and Route NCD file.

For more information about the Timing Analyzer, consult the Xilinx Timing
Analyzer Reference Manual; for more information about TRCE, consult the Xilinx
Command Line Tools User Guide "TRACE" chapter.

Section 11 - Configuration String Details
-----------------------------------------
Use the "-detail" map option to print out Configuration Strings

Section 12 - Control Set Information
------------------------------------
Use the "-detail" map option to print out Control Set Information.

Section 13 - Utilization by Hierarchy
-------------------------------------
Use the "-detail" map option to print out the Utilization by Hierarchy section.
